2024-03-19T23:54:55.524+09:00  WARN 60316 --- [restartedMain] org.hibernate.orm.deprecation            : HHH90000025: MySQL8Dialect does not need to be specified explicitly using 'hibernate.dialect' (remove the property setting and it will be selected by default)
2024-03-19T23:54:55.600+09:00  WARN 60316 --- [restartedMain] org.hibernate.orm.deprecation            : HHH90000026: MySQL8Dialect has been deprecated; use org.hibernate.dialect.MySQLDialect instead
2024-03-19T23:55:02.179+09:00  WARN 60316 --- [restartedMain] JpaBaseConfiguration$JpaWebConfiguration : spring.jpa.open-in-view is enabled by default. Therefore, database queries may be performed during view rendering. Explicitly configure spring.jpa.open-in-view to disable this warning
2024-03-19T23:55:02.332+09:00 DEBUG 60316 --- [restartedMain] s.w.s.m.m.a.RequestMappingHandlerMapping : 20 mappings in 'requestMappingHandlerMapping'
2024-03-19T23:55:02.423+09:00 DEBUG 60316 --- [restartedMain] o.s.w.s.handler.SimpleUrlHandlerMapping  : Patterns [/webjars/**, /**] in 'resourceHandlerMapping'
2024-03-19T23:55:02.466+09:00 DEBUG 60316 --- [restartedMain] s.w.s.m.m.a.RequestMappingHandlerAdapter : ControllerAdvice beans: 0 @ModelAttribute, 0 @InitBinder, 1 RequestBodyAdvice, 1 ResponseBodyAdvice
2024-03-19T23:55:02.511+09:00 DEBUG 60316 --- [restartedMain] .m.m.a.ExceptionHandlerExceptionResolver : ControllerAdvice beans: 0 @ExceptionHandler, 1 ResponseBodyAdvice
2024-03-19T23:55:41.254+09:00  INFO 60316 --- [http-nio-8080-exec-1] o.s.web.servlet.DispatcherServlet        : Initializing Servlet 'dispatcherServlet'
2024-03-19T23:55:41.255+09:00 DEBUG 60316 --- [http-nio-8080-exec-1] o.s.web.servlet.DispatcherServlet        : Detected StandardServletMultipartResolver
2024-03-19T23:55:41.255+09:00 DEBUG 60316 --- [http-nio-8080-exec-1] o.s.web.servlet.DispatcherServlet        : Detected AcceptHeaderLocaleResolver
2024-03-19T23:55:41.255+09:00 DEBUG 60316 --- [http-nio-8080-exec-1] o.s.web.servlet.DispatcherServlet        : Detected FixedThemeResolver
2024-03-19T23:55:41.256+09:00 DEBUG 60316 --- [http-nio-8080-exec-1] o.s.web.servlet.DispatcherServlet        : Detected org.springframework.web.servlet.view.DefaultRequestToViewNameTranslator@4f7371d6
2024-03-19T23:55:41.257+09:00 DEBUG 60316 --- [http-nio-8080-exec-1] o.s.web.servlet.DispatcherServlet        : Detected org.springframework.web.servlet.support.SessionFlashMapManager@34af58ba
2024-03-19T23:55:41.257+09:00 DEBUG 60316 --- [http-nio-8080-exec-1] o.s.web.servlet.DispatcherServlet        : enableLoggingRequestDetails='false': request parameters and headers will be masked to prevent unsafe logging of potentially sensitive data
2024-03-19T23:55:41.257+09:00  INFO 60316 --- [http-nio-8080-exec-1] o.s.web.servlet.DispatcherServlet        : Completed initialization in 3 ms
2024-03-19T23:55:41.273+09:00 DEBUG 60316 --- [http-nio-8080-exec-1] o.s.web.servlet.DispatcherServlet        : GET "/skill/getSkillList?checkBoxes=%7B%22All%22%3Atrue%2C%22FrontEnd%22%3Atrue%2C%22BackEnd%22%3Atrue%2C%22DevOps%22%3Atrue%2C%22Certificate%22%3Atrue%2C%22Tools%22%3Atrue%7D&selectedAlignBox=%EB%82%A0%EC%A7%9C%EC%88%9C&selectedOrderBy=%EB%82%B4%EB%A6%BC%EC%B0%A8%EC%88%9C", parameters={masked}
2024-03-19T23:55:41.298+09:00 DEBUG 60316 --- [http-nio-8080-exec-1] s.w.s.m.m.a.RequestMappingHandlerMapping : Mapped to skill.controller.SkillController#getSkillList(Map)
2024-03-19T23:55:42.783+09:00 DEBUG 60316 --- [http-nio-8080-exec-1] o.s.w.s.m.m.a.HttpEntityMethodProcessor  : Using 'application/json', given [application/json, text/plain, */*] and supported [application/json, application/*+json, application/cbor]
2024-03-19T23:55:42.836+09:00 DEBUG 60316 --- [http-nio-8080-exec-1] o.s.w.s.m.m.a.HttpEntityMethodProcessor  : Writing [[SkillWriteFilterDTO(id=23, name=Flutter, type=FrontEnd, strength=대규모 트래픽을 직접 경험하기 위해 웹 및 애플리케이션 프로젝 (truncated)...]
2024-03-19T23:55:42.882+09:00 DEBUG 60316 --- [http-nio-8080-exec-2] o.s.web.servlet.DispatcherServlet        : GET "/skill/getSkillList?checkBoxes=%7B%22All%22%3Atrue%2C%22FrontEnd%22%3Atrue%2C%22BackEnd%22%3Atrue%2C%22DevOps%22%3Atrue%2C%22Certificate%22%3Atrue%2C%22Tools%22%3Atrue%7D&selectedAlignBox=%EB%82%A0%EC%A7%9C%EC%88%9C&selectedOrderBy=%EB%82%B4%EB%A6%BC%EC%B0%A8%EC%88%9C", parameters={masked}
2024-03-19T23:55:42.883+09:00 DEBUG 60316 --- [http-nio-8080-exec-2] s.w.s.m.m.a.RequestMappingHandlerMapping : Mapped to skill.controller.SkillController#getSkillList(Map)
2024-03-19T23:55:42.929+09:00 DEBUG 60316 --- [http-nio-8080-exec-1] o.s.web.servlet.DispatcherServlet        : Completed 200 OK
2024-03-19T23:55:43.855+09:00 DEBUG 60316 --- [http-nio-8080-exec-2] o.s.w.s.m.m.a.HttpEntityMethodProcessor  : Using 'application/json', given [application/json, text/plain, */*] and supported [application/json, application/*+json, application/cbor]
2024-03-19T23:55:43.903+09:00 DEBUG 60316 --- [http-nio-8080-exec-2] o.s.w.s.m.m.a.HttpEntityMethodProcessor  : Writing [[SkillWriteFilterDTO(id=23, name=Flutter, type=FrontEnd, strength=대규모 트래픽을 직접 경험하기 위해 웹 및 애플리케이션 프로젝 (truncated)...]
2024-03-19T23:55:44.016+09:00 DEBUG 60316 --- [http-nio-8080-exec-2] o.s.web.servlet.DispatcherServlet        : Completed 200 OK
2024-03-19T23:55:45.036+09:00 DEBUG 60316 --- [http-nio-8080-exec-3] o.s.web.servlet.DispatcherServlet        : GET "/devlog/getDevlogWriteListByCategoryName?name=AWS", parameters={masked}
2024-03-19T23:55:45.037+09:00 DEBUG 60316 --- [http-nio-8080-exec-3] s.w.s.m.m.a.RequestMappingHandlerMapping : Mapped to devlog.controller.DevlogController#getDevlogWriteListByCategoryName(String)
2024-03-19T23:55:45.561+09:00 DEBUG 60316 --- [http-nio-8080-exec-3] o.s.w.s.m.m.a.HttpEntityMethodProcessor  : Using 'application/json', given [application/json, text/plain, */*] and supported [application/json, application/*+json, application/cbor]
2024-03-19T23:55:45.576+09:00 DEBUG 60316 --- [http-nio-8080-exec-3] o.s.w.s.m.m.a.HttpEntityMethodProcessor  : Writing [[DevlogWriteSkillDTO(id=27, title=EC2 네트워킹 구조 도식화 및 IAM의 사용자/역할, topic=개념 정리, notionPageId=2-14-EC2- (truncated)...]
2024-03-19T23:55:45.588+09:00 DEBUG 60316 --- [http-nio-8080-exec-3] o.s.web.servlet.DispatcherServlet        : Completed 200 OK
